Performing C SOURCE FILE Test CMAKE_HAVE_LIBC_PTHREAD failed with the following output:
Change Dir: /work/hw3/hw3_tests/CMakeFiles/CMakeTmp

Run Build Command(s):/usr/bin/make cmTC_0ee79/fast && /usr/bin/make -f CMakeFiles/cmTC_0ee79.dir/build.make CMakeFiles/cmTC_0ee79.dir/build
make[1]: Entering directory '/work/hw3/hw3_tests/CMakeFiles/CMakeTmp'
make[1]: Warning: File 'CMakeFiles/cmTC_0ee79.dir/progress.make' has modification time 0.0018 s in the future
Building C object CMakeFiles/cmTC_0ee79.dir/src.c.o
/usr/bin/cc   -DCMAKE_HAVE_LIBC_PTHREAD   -o CMakeFiles/cmTC_0ee79.dir/src.c.o   -c /work/hw3/hw3_tests/CMakeFiles/CMakeTmp/src.c
Linking C executable cmTC_0ee79
/usr/bin/cmake -E cmake_link_script CMakeFiles/cmTC_0ee79.dir/link.txt --verbose=1
/usr/bin/cc  -DCMAKE_HAVE_LIBC_PTHREAD    CMakeFiles/cmTC_0ee79.dir/src.c.o  -o cmTC_0ee79 
/usr/bin/ld: CMakeFiles/cmTC_0ee79.dir/src.c.o: in function `main':
src.c:(.text+0x48): undefined reference to `pthread_create'
/usr/bin/ld: src.c:(.text+0x50): undefined reference to `pthread_detach'
/usr/bin/ld: src.c:(.text+0x5c): undefined reference to `pthread_join'
collect2: error: ld returned 1 exit status
make[1]: *** [CMakeFiles/cmTC_0ee79.dir/build.make:87: cmTC_0ee79] Error 1
make[1]: Leaving directory '/work/hw3/hw3_tests/CMakeFiles/CMakeTmp'
make: *** [Makefile:121: cmTC_0ee79/fast] Error 2


Source file was:
#include <pthread.h>

void* test_func(void* data)
{
  return data;
}

int main(void)
{
  pthread_t thread;
  pthread_create(&thread, NULL, test_func, NULL);
  pthread_detach(thread);
  pthread_join(thread, NULL);
  pthread_atfork(NULL, NULL, NULL);
  pthread_exit(NULL);

  return 0;
}

Determining if the function pthread_create exists in the pthreads failed with the following output:
Change Dir: /work/hw3/hw3_tests/CMakeFiles/CMakeTmp

Run Build Command(s):/usr/bin/make cmTC_78da4/fast && /usr/bin/make -f CMakeFiles/cmTC_78da4.dir/build.make CMakeFiles/cmTC_78da4.dir/build
make[1]: Entering directory '/work/hw3/hw3_tests/CMakeFiles/CMakeTmp'
make[1]: Warning: File 'CMakeFiles/cmTC_78da4.dir/progress.make' has modification time 0.0019 s in the future
Building C object CMakeFiles/cmTC_78da4.dir/CheckFunctionExists.c.o
/usr/bin/cc   -DCHECK_FUNCTION_EXISTS=pthread_create   -o CMakeFiles/cmTC_78da4.dir/CheckFunctionExists.c.o   -c /usr/share/cmake-3.16/Modules/CheckFunctionExists.c
Linking C executable cmTC_78da4
/usr/bin/cmake -E cmake_link_script CMakeFiles/cmTC_78da4.dir/link.txt --verbose=1
/usr/bin/cc  -DCHECK_FUNCTION_EXISTS=pthread_create    CMakeFiles/cmTC_78da4.dir/CheckFunctionExists.c.o  -o cmTC_78da4  -lpthreads 
/usr/bin/ld: cannot find -lpthreads
collect2: error: ld returned 1 exit status
make[1]: *** [CMakeFiles/cmTC_78da4.dir/build.make:87: cmTC_78da4] Error 1
make[1]: Leaving directory '/work/hw3/hw3_tests/CMakeFiles/CMakeTmp'
make: *** [Makefile:121: cmTC_78da4/fast] Error 2



Checking whether C++ compiler has '__int64' failed to compile with the following output:
Change Dir: /work/hw3/hw3_tests/testing_utils/kwsys/CMakeFiles/CMakeTmp

Run Build Command(s):/usr/bin/make cmTC_54c87/fast && make: Warning: File 'Makefile' has modification time 0.00077 s in the future
/usr/bin/make -f CMakeFiles/cmTC_54c87.dir/build.make CMakeFiles/cmTC_54c87.dir/build
make[1]: Entering directory '/work/hw3/hw3_tests/testing_utils/kwsys/CMakeFiles/CMakeTmp'
make[1]: Warning: File 'CMakeFiles/cmTC_54c87.dir/progress.make' has modification time 0.0021 s in the future
Building CXX object CMakeFiles/cmTC_54c87.dir/kwsysPlatformTestsCXX.cxx.o
/usr/bin/c++  -DTEST_KWSYS_CXX_HAS___INT64  -Wall    -o CMakeFiles/cmTC_54c87.dir/kwsysPlatformTestsCXX.cxx.o -c /work/hw3/hw3_tests/testing_utils/kwsys/kwsysPlatformTestsCXX.cxx
/work/hw3/hw3_tests/testing_utils/kwsys/kwsysPlatformTestsCXX.cxx:24:1: error: '__int64' does not name a type
   24 | __int64 f(__int64 n)
      | ^~~~~~~
/work/hw3/hw3_tests/testing_utils/kwsys/kwsysPlatformTestsCXX.cxx: In function 'int main()':
/work/hw3/hw3_tests/testing_utils/kwsys/kwsysPlatformTestsCXX.cxx:30:3: error: '__int64' was not declared in this scope
   30 |   __int64 n = 0;
      |   ^~~~~~~
/work/hw3/hw3_tests/testing_utils/kwsys/kwsysPlatformTestsCXX.cxx:31:29: error: 'n' was not declared in this scope
   31 |   return static_cast<int>(f(n));
      |                             ^
/work/hw3/hw3_tests/testing_utils/kwsys/kwsysPlatformTestsCXX.cxx:31:27: error: 'f' was not declared in this scope
   31 |   return static_cast<int>(f(n));
      |                           ^
make[1]: *** [CMakeFiles/cmTC_54c87.dir/build.make:66: CMakeFiles/cmTC_54c87.dir/kwsysPlatformTestsCXX.cxx.o] Error 1
make[1]: Leaving directory '/work/hw3/hw3_tests/testing_utils/kwsys/CMakeFiles/CMakeTmp'
make: *** [Makefile:121: cmTC_54c87/fast] Error 2



Checking whether CXX compiler has environ in stdlib.h failed to compile with the following output:
Change Dir: /work/hw3/hw3_tests/testing_utils/kwsys/CMakeFiles/CMakeTmp

Run Build Command(s):/usr/bin/make cmTC_7a886/fast && make: Warning: File 'Makefile' has modification time 0.00028 s in the future
/usr/bin/make -f CMakeFiles/cmTC_7a886.dir/build.make CMakeFiles/cmTC_7a886.dir/build
make[1]: Entering directory '/work/hw3/hw3_tests/testing_utils/kwsys/CMakeFiles/CMakeTmp'
make[1]: Warning: File 'CMakeFiles/cmTC_7a886.dir/progress.make' has modification time 0.0017 s in the future
Building CXX object CMakeFiles/cmTC_7a886.dir/kwsysPlatformTestsCXX.cxx.o
/usr/bin/c++  -DTEST_KWSYS_CXX_HAS_ENVIRON_IN_STDLIB_H  -Wall    -o CMakeFiles/cmTC_7a886.dir/kwsysPlatformTestsCXX.cxx.o -c /work/hw3/hw3_tests/testing_utils/kwsys/kwsysPlatformTestsCXX.cxx
/work/hw3/hw3_tests/testing_utils/kwsys/kwsysPlatformTestsCXX.cxx: In function 'int main()':
/work/hw3/hw3_tests/testing_utils/kwsys/kwsysPlatformTestsCXX.cxx:196:13: error: 'environ' was not declared in this scope; did you mean 'union'?
  196 |   char* e = environ[0];
      |             ^~~~~~~
      |             union
make[1]: *** [CMakeFiles/cmTC_7a886.dir/build.make:66: CMakeFiles/cmTC_7a886.dir/kwsysPlatformTestsCXX.cxx.o] Error 1
make[1]: Leaving directory '/work/hw3/hw3_tests/testing_utils/kwsys/CMakeFiles/CMakeTmp'
make: *** [Makefile:121: cmTC_7a886/fast] Error 2



Checking whether CXX compiler struct stat has st_mtimespec member failed to compile with the following output:
Change Dir: /work/hw3/hw3_tests/testing_utils/kwsys/CMakeFiles/CMakeTmp

Run Build Command(s):/usr/bin/make cmTC_66807/fast && /usr/bin/make -f CMakeFiles/cmTC_66807.dir/build.make CMakeFiles/cmTC_66807.dir/build
make[1]: Entering directory '/work/hw3/hw3_tests/testing_utils/kwsys/CMakeFiles/CMakeTmp'
make[1]: Warning: File 'CMakeFiles/cmTC_66807.dir/progress.make' has modification time 0.001 s in the future
Building CXX object CMakeFiles/cmTC_66807.dir/kwsysPlatformTestsCXX.cxx.o
/usr/bin/c++  -DTEST_KWSYS_CXX_STAT_HAS_ST_MTIMESPEC  -Wall    -o CMakeFiles/cmTC_66807.dir/kwsysPlatformTestsCXX.cxx.o -c /work/hw3/hw3_tests/testing_utils/kwsys/kwsysPlatformTestsCXX.cxx
/work/hw3/hw3_tests/testing_utils/kwsys/kwsysPlatformTestsCXX.cxx: In function 'int main()':
/work/hw3/hw3_tests/testing_utils/kwsys/kwsysPlatformTestsCXX.cxx:57:15: error: 'struct stat' has no member named 'st_mtimespec'
   57 |   (void)stat1.st_mtimespec.tv_sec;
      |               ^~~~~~~~~~~~
/work/hw3/hw3_tests/testing_utils/kwsys/kwsysPlatformTestsCXX.cxx:58:15: error: 'struct stat' has no member named 'st_mtimespec'
   58 |   (void)stat1.st_mtimespec.tv_nsec;
      |               ^~~~~~~~~~~~
make[1]: *** [CMakeFiles/cmTC_66807.dir/build.make:66: CMakeFiles/cmTC_66807.dir/kwsysPlatformTestsCXX.cxx.o] Error 1
make[1]: Leaving directory '/work/hw3/hw3_tests/testing_utils/kwsys/CMakeFiles/CMakeTmp'
make: *** [Makefile:121: cmTC_66807/fast] Error 2



